<?xml version="1.0" encoding="UTF-8"?>
<!-- Generated by org.testng.reporters.JUnitReportReporter -->
<testsuite skipped="0" hostname="LAPTOP-N0G0NBDP" name="com.qa.testjava.Program2" tests="1" failures="0" timestamp="15 May 2020 06:17:20 GMT" time="0.000" errors="0">
  <testcase name="operator" time="0.000" classname="com.qa.testjava.Program2"/>
</testsuite> <!-- com.qa.testjava.Program2 -->
