<?xml version="1.0" encoding="UTF-8"?>
<!-- Generated by org.testng.reporters.JUnitReportReporter -->
<testsuite skipped="0" hostname="LAPTOP-N0G0NBDP" name="com.qa.testjava.Program1" tests="1" failures="0" timestamp="15 May 2020 06:17:20 GMT" time="0.026" errors="0">
  <testcase name="condition" time="0.026" classname="com.qa.testjava.Program1"/>
</testsuite> <!-- com.qa.testjava.Program1 -->
